[94m[Info]    [0m[15-09-2019 12:38:57.576] [Main.game#49] [ThreadId 11] starting game
[92m[Debug]   [0m[15-09-2019 12:38:57.576] [Game.Assets.loadShared#72] [ThreadId 11] loading assets
[92m[Debug]   [0m[15-09-2019 12:38:57.576] [Game.Assets.loadSource#86] [ThreadId 11] shared : sounds
[94m[Info]    [0m[15-09-2019 19:15:50.381] [Main.game#48] [ThreadId 11] starting game
[92m[Debug]   [0m[15-09-2019 19:15:50.382] [Game.Assets.loadSharedAssets#77] [ThreadId 11] loading shared assets...
[92m[Debug]   [0m[15-09-2019 19:15:50.382] [Game.Assets.loadAssetMap#103] [ThreadId 11] loading: assets/sounds
[92m[Debug]   [0m[15-09-2019 19:15:50.382] [Game.Assets.loadAssetMap#103] [ThreadId 11] loading: assets/music
[92m[Debug]   [0m[15-09-2019 19:15:50.382] [Game.Assets.loadAssetMap#103] [ThreadId 11] loading: assets/images
[92m[Debug]   [0m[15-09-2019 19:15:50.382] [Game.Assets.loadLevelAssets#88] [ThreadId 11] loading test level assets...
[92m[Debug]   [0m[15-09-2019 19:15:50.382] [Game.Assets.loadAssetMap#103] [ThreadId 11] loading: assets/levels/test/sounds
[94m[Info]    [0m[15-09-2019 19:20:24.754] [Main.game#48] [ThreadId 11] starting game
[92m[Debug]   [0m[15-09-2019 19:20:24.755] [Game.Assets.loadSharedAssets#77] [ThreadId 11] loading shared assets...
[92m[Debug]   [0m[15-09-2019 19:20:24.755] [Game.Assets.loadAssetMap#103] [ThreadId 11] loading: assets/sounds
[92m[Debug]   [0m[15-09-2019 19:20:24.755] [Game.Assets.loadAssetMap#103] [ThreadId 11] loading: assets/music
[92m[Debug]   [0m[15-09-2019 19:20:24.755] [Game.Assets.loadAssetMap#103] [ThreadId 11] loading: assets/images
[92m[Debug]   [0m[15-09-2019 19:20:24.755] [Game.Assets.loadLevelAssets#88] [ThreadId 11] loading test level assets...
[92m[Debug]   [0m[15-09-2019 19:20:24.756] [Game.Assets.loadAssetMap#103] [ThreadId 11] loading: assets/levels/test/sounds
[94m[Info]    [0m[15-09-2019 19:21:38.183] [Main.game#48] [ThreadId 11] starting game
[92m[Debug]   [0m[15-09-2019 19:21:38.184] [Game.Assets.loadSharedAssets#77] [ThreadId 11] loading shared assets...
[92m[Debug]   [0m[15-09-2019 19:21:38.184] [Game.Assets.loadAssetMap#103] [ThreadId 11] loading: assets/sounds
[92m[Debug]   [0m[15-09-2019 19:21:38.184] [Game.Assets.loadAssetMap#103] [ThreadId 11] loading: assets/music
[92m[Debug]   [0m[15-09-2019 19:21:38.184] [Game.Assets.loadAssetMap#103] [ThreadId 11] loading: assets/images
[92m[Debug]   [0m[15-09-2019 19:21:38.185] [Game.Assets.loadLevelAssets#88] [ThreadId 11] loading test level assets...
[92m[Debug]   [0m[15-09-2019 19:21:38.185] [Game.Assets.loadAssetMap#103] [ThreadId 11] loading: assets/levels/test/sounds
[92m[Debug]   [0m[15-09-2019 19:21:38.185] [Game.Assets.loadAssetMap#103] [ThreadId 11] loading: assets/levels/test/music
